{"C:\\Users\\Utilisateur\\Desktop\\triple-auth\\backend\\routes\\auth.js": {"path":"C:\\Users\\Utilisateur\\Desktop\\triple-auth\\backend\\routes\\auth.js","statementMap":{"0":{"start":{"line":1,"column":16},"end":{"line":1,"column":34}},"1":{"start":{"line":2,"column":15},"end":{"line":2,"column":34}},"2":{"start":{"line":3,"column":18},"end":{"line":3,"column":47}},"3":{"start":{"line":5,"column":15},"end":{"line":5,"column":37}},"4":{"start":{"line":6,"column":52},"end":{"line":6,"column":79}},"5":{"start":{"line":7,"column":40},"end":{"line":7,"column":66}},"6":{"start":{"line":8,"column":23},"end":{"line":8,"column":60}},"7":{"start":{"line":10,"column":15},"end":{"line":10,"column":31}},"8":{"start":{"line":11,"column":14},"end":{"line":11,"column":63}},"9":{"start":{"line":13,"column":21},"end":{"line":19,"column":2}},"10":{"start":{"line":21,"column":24},"end":{"line":27,"column":2}},"11":{"start":{"line":30,"column":2},"end":{"line":30,"column":29}},"12":{"start":{"line":30,"column":17},"end":{"line":30,"column":29}},"13":{"start":{"line":31,"column":2},"end":{"line":31,"column":47}},"14":{"start":{"line":32,"column":15},"end":{"line":32,"column":84}},"15":{"start":{"line":33,"column":2},"end":{"line":33,"column":32}},"16":{"start":{"line":33,"column":20},"end":{"line":33,"column":32}},"17":{"start":{"line":34,"column":2},"end":{"line":34,"column":41}},"18":{"start":{"line":38,"column":12},"end":{"line":38,"column":88}},"19":{"start":{"line":39,"column":2},"end":{"line":39,"column":18}},"20":{"start":{"line":43,"column":2},"end":{"line":43,"column":57}},"21":{"start":{"line":47,"column":2},"end":{"line":48,"column":85}},"22":{"start":{"line":52,"column":2},"end":{"line":52,"column":48}},"23":{"start":{"line":52,"column":35},"end":{"line":52,"column":48}},"24":{"start":{"line":53,"column":2},"end":{"line":53,"column":73}},"25":{"start":{"line":54,"column":2},"end":{"line":56,"column":5}},"26":{"start":{"line":57,"column":2},"end":{"line":57,"column":14}},"27":{"start":{"line":60,"column":0},"end":{"line":107,"column":3}},"28":{"start":{"line":61,"column":92},"end":{"line":61,"column":100}},"29":{"start":{"line":63,"column":2},"end":{"line":65,"column":3}},"30":{"start":{"line":64,"column":4},"end":{"line":64,"column":81}},"31":{"start":{"line":66,"column":2},"end":{"line":68,"column":3}},"32":{"start":{"line":67,"column":4},"end":{"line":67,"column":70}},"33":{"start":{"line":70,"column":17},"end":{"line":70,"column":42}},"34":{"start":{"line":71,"column":2},"end":{"line":71,"column":61}},"35":{"start":{"line":71,"column":14},"end":{"line":71,"column":61}},"36":{"start":{"line":73,"column":22},"end":{"line":73,"column":51}},"37":{"start":{"line":74,"column":21},"end":{"line":74,"column":47}},"38":{"start":{"line":76,"column":2},"end":{"line":106,"column":3}},"39":{"start":{"line":77,"column":4},"end":{"line":79,"column":5}},"40":{"start":{"line":78,"column":6},"end":{"line":78,"column":90}},"41":{"start":{"line":82,"column":27},"end":{"line":82,"column":58}},"42":{"start":{"line":83,"column":25},"end":{"line":83,"column":81}},"43":{"start":{"line":85,"column":4},"end":{"line":95,"column":7}},"44":{"start":{"line":97,"column":4},"end":{"line":97,"column":56}},"45":{"start":{"line":98,"column":4},"end":{"line":98,"column":73}},"46":{"start":{"line":100,"column":4},"end":{"line":100,"column":50}},"47":{"start":{"line":100,"column":43},"end":{"line":100,"column":50}},"48":{"start":{"line":101,"column":4},"end":{"line":103,"column":5}},"49":{"start":{"line":102,"column":6},"end":{"line":102,"column":80}},"50":{"start":{"line":104,"column":4},"end":{"line":104,"column":45}},"51":{"start":{"line":105,"column":4},"end":{"line":105,"column":62}},"52":{"start":{"line":109,"column":0},"end":{"line":158,"column":3}},"53":{"start":{"line":110,"column":13},"end":{"line":110,"column":23}},"54":{"start":{"line":111,"column":13},"end":{"line":111,"column":51}},"55":{"start":{"line":112,"column":33},"end":{"line":112,"column":41}},"56":{"start":{"line":115,"column":2},"end":{"line":121,"column":3}},"57":{"start":{"line":116,"column":4},"end":{"line":116,"column":45}},"58":{"start":{"line":118,"column":4},"end":{"line":118,"column":50}},"59":{"start":{"line":118,"column":43},"end":{"line":118,"column":50}},"60":{"start":{"line":119,"column":4},"end":{"line":119,"column":23}},"61":{"start":{"line":120,"column":4},"end":{"line":120,"column":62}},"62":{"start":{"line":124,"column":2},"end":{"line":129,"column":3}},"63":{"start":{"line":125,"column":4},"end":{"line":125,"column":87}},"64":{"start":{"line":126,"column":15},"end":{"line":126,"column":66}},"65":{"start":{"line":127,"column":4},"end":{"line":127,"column":85}},"66":{"start":{"line":127,"column":12},"end":{"line":127,"column":85}},"67":{"start":{"line":128,"column":4},"end":{"line":128,"column":71}},"68":{"start":{"line":131,"column":13},"end":{"line":131,"column":64}},"69":{"start":{"line":132,"column":2},"end":{"line":137,"column":3}},"70":{"start":{"line":133,"column":4},"end":{"line":133,"column":89}},"71":{"start":{"line":134,"column":15},"end":{"line":134,"column":66}},"72":{"start":{"line":135,"column":4},"end":{"line":135,"column":85}},"73":{"start":{"line":135,"column":12},"end":{"line":135,"column":85}},"74":{"start":{"line":136,"column":4},"end":{"line":136,"column":71}},"75":{"start":{"line":139,"column":2},"end":{"line":139,"column":27}},"76":{"start":{"line":140,"column":2},"end":{"line":140,"column":39}},"77":{"start":{"line":141,"column":2},"end":{"line":141,"column":45}},"78":{"start":{"line":143,"column":2},"end":{"line":151,"column":5}},"79":{"start":{"line":153,"column":2},"end":{"line":157,"column":5}},"80":{"start":{"line":160,"column":0},"end":{"line":188,"column":3}},"81":{"start":{"line":161,"column":2},"end":{"line":161,"column":90}},"82":{"start":{"line":161,"column":34},"end":{"line":161,"column":90}},"83":{"start":{"line":164,"column":2},"end":{"line":169,"column":3}},"84":{"start":{"line":165,"column":4},"end":{"line":165,"column":57}},"85":{"start":{"line":167,"column":4},"end":{"line":167,"column":50}},"86":{"start":{"line":167,"column":43},"end":{"line":167,"column":50}},"87":{"start":{"line":168,"column":4},"end":{"line":168,"column":62}},"88":{"start":{"line":170,"column":2},"end":{"line":170,"column":73}},"89":{"start":{"line":170,"column":13},"end":{"line":170,"column":73}},"90":{"start":{"line":172,"column":13},"end":{"line":172,"column":97}},"91":{"start":{"line":173,"column":2},"end":{"line":173,"column":73}},"92":{"start":{"line":173,"column":11},"end":{"line":173,"column":73}},"93":{"start":{"line":175,"column":14},"end":{"line":175,"column":26}},"94":{"start":{"line":176,"column":2},"end":{"line":187,"column":3}},"95":{"start":{"line":177,"column":4},"end":{"line":177,"column":51}},"96":{"start":{"line":178,"column":4},"end":{"line":178,"column":39}},"97":{"start":{"line":179,"column":4},"end":{"line":179,"column":29}},"98":{"start":{"line":180,"column":24},"end":{"line":180,"column":70}},"99":{"start":{"line":181,"column":4},"end":{"line":181,"column":62}},"100":{"start":{"line":183,"column":4},"end":{"line":183,"column":42}},"101":{"start":{"line":184,"column":4},"end":{"line":186,"column":7}},"102":{"start":{"line":190,"column":0},"end":{"line":221,"column":3}},"103":{"start":{"line":191,"column":13},"end":{"line":191,"column":23}},"104":{"start":{"line":192,"column":13},"end":{"line":192,"column":51}},"105":{"start":{"line":194,"column":2},"end":{"line":194,"column":90}},"106":{"start":{"line":194,"column":34},"end":{"line":194,"column":90}},"107":{"start":{"line":197,"column":2},"end":{"line":202,"column":3}},"108":{"start":{"line":198,"column":4},"end":{"line":198,"column":57}},"109":{"start":{"line":200,"column":4},"end":{"line":200,"column":50}},"110":{"start":{"line":200,"column":43},"end":{"line":200,"column":50}},"111":{"start":{"line":201,"column":4},"end":{"line":201,"column":62}},"112":{"start":{"line":203,"column":2},"end":{"line":203,"column":73}},"113":{"start":{"line":203,"column":13},"end":{"line":203,"column":73}},"114":{"start":{"line":205,"column":17},"end":{"line":205,"column":57}},"115":{"start":{"line":206,"column":2},"end":{"line":209,"column":3}},"116":{"start":{"line":207,"column":4},"end":{"line":207,"column":90}},"117":{"start":{"line":208,"column":4},"end":{"line":208,"column":57}},"118":{"start":{"line":211,"column":2},"end":{"line":211,"column":27}},"119":{"start":{"line":212,"column":2},"end":{"line":212,"column":35}},"120":{"start":{"line":214,"column":2},"end":{"line":214,"column":130}},"121":{"start":{"line":215,"column":2},"end":{"line":215,"column":76}},"122":{"start":{"line":217,"column":2},"end":{"line":220,"column":5}},"123":{"start":{"line":223,"column":0},"end":{"line":226,"column":3}},"124":{"start":{"line":224,"column":2},"end":{"line":224,"column":93}},"125":{"start":{"line":224,"column":34},"end":{"line":224,"column":93}},"126":{"start":{"line":225,"column":2},"end":{"line":225,"column":54}},"127":{"start":{"line":228,"column":0},"end":{"line":230,"column":3}},"128":{"start":{"line":229,"column":2},"end":{"line":229,"column":75}},"129":{"start":{"line":229,"column":28},"end":{"line":229,"column":73}},"130":{"start":{"line":232,"column":0},"end":{"line":232,"column":24}}},"fnMap":{"0":{"name":"getUserByUsername","decl":{"start":{"line":29,"column":15},"end":{"line":29,"column":32}},"loc":{"start":{"line":29,"column":43},"end":{"line":35,"column":1}},"line":29},"1":{"name":"emailDejaUtilise","decl":{"start":{"line":37,"column":15},"end":{"line":37,"column":31}},"loc":{"start":{"line":37,"column":44},"end":{"line":40,"column":1}},"line":37},"2":{"name":"estDejaExistantFirestore","decl":{"start":{"line":42,"column":9},"end":{"line":42,"column":33}},"loc":{"start":{"line":42,"column":39},"end":{"line":44,"column":1}},"line":42},"3":{"name":"estFirestoreDesactive","decl":{"start":{"line":46,"column":9},"end":{"line":46,"column":30}},"loc":{"start":{"line":46,"column":36},"end":{"line":49,"column":1}},"line":46},"4":{"name":"reponseFirestoreIndispo","decl":{"start":{"line":51,"column":9},"end":{"line":51,"column":32}},"loc":{"start":{"line":51,"column":43},"end":{"line":58,"column":1}},"line":51},"5":{"name":"(anonymous_5)","decl":{"start":{"line":60,"column":42},"end":{"line":60,"column":43}},"loc":{"start":{"line":60,"column":62},"end":{"line":107,"column":1}},"line":60},"6":{"name":"(anonymous_6)","decl":{"start":{"line":109,"column":42},"end":{"line":109,"column":43}},"loc":{"start":{"line":109,"column":62},"end":{"line":158,"column":1}},"line":109},"7":{"name":"(anonymous_7)","decl":{"start":{"line":160,"column":42},"end":{"line":160,"column":43}},"loc":{"start":{"line":160,"column":62},"end":{"line":188,"column":1}},"line":160},"8":{"name":"(anonymous_8)","decl":{"start":{"line":190,"column":42},"end":{"line":190,"column":43}},"loc":{"start":{"line":190,"column":62},"end":{"line":221,"column":1}},"line":190},"9":{"name":"(anonymous_9)","decl":{"start":{"line":223,"column":18},"end":{"line":223,"column":19}},"loc":{"start":{"line":223,"column":32},"end":{"line":226,"column":1}},"line":223},"10":{"name":"(anonymous_10)","decl":{"start":{"line":228,"column":23},"end":{"line":228,"column":24}},"loc":{"start":{"line":228,"column":37},"end":{"line":230,"column":1}},"line":228},"11":{"name":"(anonymous_11)","decl":{"start":{"line":229,"column":22},"end":{"line":229,"column":23}},"loc":{"start":{"line":229,"column":28},"end":{"line":229,"column":73}},"line":229}},"branchMap":{"0":{"loc":{"start":{"line":11,"column":14},"end":{"line":11,"column":63}},"type":"binary-expr","locations":[{"start":{"line":11,"column":14},"end":{"line":11,"column":52}},{"start":{"line":11,"column":56},"end":{"line":11,"column":63}}],"line":11},"1":{"loc":{"start":{"line":30,"column":2},"end":{"line":30,"column":29}},"type":"if","locations":[{"start":{"line":30,"column":2},"end":{"line":30,"column":29}},{"start":{},"end":{}}],"line":30},"2":{"loc":{"start":{"line":33,"column":2},"end":{"line":33,"column":32}},"type":"if","locations":[{"start":{"line":33,"column":2},"end":{"line":33,"column":32}},{"start":{},"end":{}}],"line":33},"3":{"loc":{"start":{"line":43,"column":9},"end":{"line":43,"column":56}},"type":"binary-expr","locations":[{"start":{"line":43,"column":9},"end":{"line":43,"column":23}},{"start":{"line":43,"column":27},"end":{"line":43,"column":56}}],"line":43},"4":{"loc":{"start":{"line":47,"column":9},"end":{"line":48,"column":84}},"type":"binary-expr","locations":[{"start":{"line":47,"column":9},"end":{"line":47,"column":23}},{"start":{"line":47,"column":27},"end":{"line":47,"column":60}},{"start":{"line":48,"column":5},"end":{"line":48,"column":36}},{"start":{"line":48,"column":40},"end":{"line":48,"column":83}}],"line":47},"5":{"loc":{"start":{"line":52,"column":2},"end":{"line":52,"column":48}},"type":"if","locations":[{"start":{"line":52,"column":2},"end":{"line":52,"column":48}},{"start":{},"end":{}}],"line":52},"6":{"loc":{"start":{"line":63,"column":2},"end":{"line":65,"column":3}},"type":"if","locations":[{"start":{"line":63,"column":2},"end":{"line":65,"column":3}},{"start":{},"end":{}}],"line":63},"7":{"loc":{"start":{"line":63,"column":6},"end":{"line":63,"column":105}},"type":"binary-expr","locations":[{"start":{"line":63,"column":6},"end":{"line":63,"column":10}},{"start":{"line":63,"column":14},"end":{"line":63,"column":21}},{"start":{"line":63,"column":25},"end":{"line":63,"column":33}},{"start":{"line":63,"column":37},"end":{"line":63,"column":46}},{"start":{"line":63,"column":50},"end":{"line":63,"column":56}},{"start":{"line":63,"column":60},"end":{"line":63,"column":69}},{"start":{"line":63,"column":73},"end":{"line":63,"column":88}},{"start":{"line":63,"column":92},"end":{"line":63,"column":105}}],"line":63},"8":{"loc":{"start":{"line":66,"column":2},"end":{"line":68,"column":3}},"type":"if","locations":[{"start":{"line":66,"column":2},"end":{"line":68,"column":3}},{"start":{},"end":{}}],"line":66},"9":{"loc":{"start":{"line":71,"column":2},"end":{"line":71,"column":61}},"type":"if","locations":[{"start":{"line":71,"column":2},"end":{"line":71,"column":61}},{"start":{},"end":{}}],"line":71},"10":{"loc":{"start":{"line":77,"column":4},"end":{"line":79,"column":5}},"type":"if","locations":[{"start":{"line":77,"column":4},"end":{"line":79,"column":5}},{"start":{},"end":{}}],"line":77},"11":{"loc":{"start":{"line":100,"column":4},"end":{"line":100,"column":50}},"type":"if","locations":[{"start":{"line":100,"column":4},"end":{"line":100,"column":50}},{"start":{},"end":{}}],"line":100},"12":{"loc":{"start":{"line":101,"column":4},"end":{"line":103,"column":5}},"type":"if","locations":[{"start":{"line":101,"column":4},"end":{"line":103,"column":5}},{"start":{},"end":{}}],"line":101},"13":{"loc":{"start":{"line":111,"column":13},"end":{"line":111,"column":51}},"type":"binary-expr","locations":[{"start":{"line":111,"column":13},"end":{"line":111,"column":19}},{"start":{"line":111,"column":23},"end":{"line":111,"column":51}}],"line":111},"14":{"loc":{"start":{"line":118,"column":4},"end":{"line":118,"column":50}},"type":"if","locations":[{"start":{"line":118,"column":4},"end":{"line":118,"column":50}},{"start":{},"end":{}}],"line":118},"15":{"loc":{"start":{"line":124,"column":2},"end":{"line":129,"column":3}},"type":"if","locations":[{"start":{"line":124,"column":2},"end":{"line":129,"column":3}},{"start":{},"end":{}}],"line":124},"16":{"loc":{"start":{"line":127,"column":4},"end":{"line":127,"column":85}},"type":"if","locations":[{"start":{"line":127,"column":4},"end":{"line":127,"column":85}},{"start":{},"end":{}}],"line":127},"17":{"loc":{"start":{"line":132,"column":2},"end":{"line":137,"column":3}},"type":"if","locations":[{"start":{"line":132,"column":2},"end":{"line":137,"column":3}},{"start":{},"end":{}}],"line":132},"18":{"loc":{"start":{"line":135,"column":4},"end":{"line":135,"column":85}},"type":"if","locations":[{"start":{"line":135,"column":4},"end":{"line":135,"column":85}},{"start":{},"end":{}}],"line":135},"19":{"loc":{"start":{"line":141,"column":25},"end":{"line":141,"column":44}},"type":"binary-expr","locations":[{"start":{"line":141,"column":25},"end":{"line":141,"column":34}},{"start":{"line":141,"column":38},"end":{"line":141,"column":44}}],"line":141},"20":{"loc":{"start":{"line":145,"column":15},"end":{"line":145,"column":49}},"type":"binary-expr","locations":[{"start":{"line":145,"column":15},"end":{"line":145,"column":36}},{"start":{"line":145,"column":40},"end":{"line":145,"column":49}}],"line":145},"21":{"loc":{"start":{"line":156,"column":14},"end":{"line":156,"column":33}},"type":"binary-expr","locations":[{"start":{"line":156,"column":14},"end":{"line":156,"column":23}},{"start":{"line":156,"column":27},"end":{"line":156,"column":33}}],"line":156},"22":{"loc":{"start":{"line":161,"column":2},"end":{"line":161,"column":90}},"type":"if","locations":[{"start":{"line":161,"column":2},"end":{"line":161,"column":90}},{"start":{},"end":{}}],"line":161},"23":{"loc":{"start":{"line":167,"column":4},"end":{"line":167,"column":50}},"type":"if","locations":[{"start":{"line":167,"column":4},"end":{"line":167,"column":50}},{"start":{},"end":{}}],"line":167},"24":{"loc":{"start":{"line":170,"column":2},"end":{"line":170,"column":73}},"type":"if","locations":[{"start":{"line":170,"column":2},"end":{"line":170,"column":73}},{"start":{},"end":{}}],"line":170},"25":{"loc":{"start":{"line":173,"column":2},"end":{"line":173,"column":73}},"type":"if","locations":[{"start":{"line":173,"column":2},"end":{"line":173,"column":73}},{"start":{},"end":{}}],"line":173},"26":{"loc":{"start":{"line":192,"column":13},"end":{"line":192,"column":51}},"type":"binary-expr","locations":[{"start":{"line":192,"column":13},"end":{"line":192,"column":19}},{"start":{"line":192,"column":23},"end":{"line":192,"column":51}}],"line":192},"27":{"loc":{"start":{"line":194,"column":2},"end":{"line":194,"column":90}},"type":"if","locations":[{"start":{"line":194,"column":2},"end":{"line":194,"column":90}},{"start":{},"end":{}}],"line":194},"28":{"loc":{"start":{"line":200,"column":4},"end":{"line":200,"column":50}},"type":"if","locations":[{"start":{"line":200,"column":4},"end":{"line":200,"column":50}},{"start":{},"end":{}}],"line":200},"29":{"loc":{"start":{"line":203,"column":2},"end":{"line":203,"column":73}},"type":"if","locations":[{"start":{"line":203,"column":2},"end":{"line":203,"column":73}},{"start":{},"end":{}}],"line":203},"30":{"loc":{"start":{"line":206,"column":2},"end":{"line":209,"column":3}},"type":"if","locations":[{"start":{"line":206,"column":2},"end":{"line":209,"column":3}},{"start":{},"end":{}}],"line":206},"31":{"loc":{"start":{"line":224,"column":2},"end":{"line":224,"column":93}},"type":"if","locations":[{"start":{"line":224,"column":2},"end":{"line":224,"column":93}},{"start":{},"end":{}}],"line":224}},"s":{"0":2,"1":2,"2":2,"3":2,"4":2,"5":2,"6":2,"7":2,"8":2,"9":2,"10":2,"11":24,"12":1,"13":23,"14":23,"15":23,"16":4,"17":19,"18":1,"19":1,"20":0,"21":0,"22":0,"23":0,"24":0,"25":0,"26":0,"27":2,"28":5,"29":5,"30":3,"31":2,"32":1,"33":1,"34":1,"35":0,"36":1,"37":1,"38":1,"39":1,"40":0,"41":1,"42":1,"43":1,"44":1,"45":1,"46":0,"47":0,"48":0,"49":0,"50":0,"51":0,"52":2,"53":14,"54":14,"55":14,"56":14,"57":14,"58":0,"59":0,"60":0,"61":0,"62":14,"63":5,"64":5,"65":5,"66":0,"67":5,"68":9,"69":9,"70":1,"71":1,"72":1,"73":0,"74":1,"75":8,"76":8,"77":8,"78":8,"79":8,"80":2,"81":8,"82":2,"83":6,"84":6,"85":0,"86":0,"87":0,"88":6,"89":0,"90":6,"91":6,"92":1,"93":5,"94":5,"95":5,"96":5,"97":5,"98":5,"99":5,"100":0,"101":0,"102":2,"103":5,"104":5,"105":5,"106":1,"107":4,"108":4,"109":0,"110":0,"111":0,"112":4,"113":0,"114":4,"115":4,"116":1,"117":1,"118":3,"119":3,"120":3,"121":3,"122":3,"123":2,"124":4,"125":3,"126":1,"127":2,"128":2,"129":2,"130":2},"f":{"0":24,"1":1,"2":0,"3":0,"4":0,"5":5,"6":14,"7":8,"8":5,"9":4,"10":2,"11":2},"b":{"0":[2,2],"1":[1,23],"2":[4,19],"3":[0,0],"4":[0,0,0,0],"5":[0,0],"6":[3,2],"7":[5,2,2,2,2,2,2,2],"8":[1,1],"9":[0,1],"10":[0,1],"11":[0,0],"12":[0,0],"13":[14,0],"14":[0,0],"15":[5,9],"16":[0,5],"17":[1,8],"18":[0,1],"19":[8,0],"20":[8,8],"21":[8,0],"22":[2,6],"23":[0,0],"24":[0,6],"25":[1,5],"26":[5,0],"27":[1,4],"28":[0,0],"29":[0,4],"30":[1,3],"31":[3,1]},"_coverageSchema":"1a1c01bbd47fc00a2c39e90264f33305004495a9","hash":"a2dd3f397aaebc254f36c3d10788692c87d1e886"}
,"C:\\Users\\Utilisateur\\Desktop\\triple-auth\\backend\\routes\\logs.js": {"path":"C:\\Users\\Utilisateur\\Desktop\\triple-auth\\backend\\routes\\logs.js","statementMap":{"0":{"start":{"line":1,"column":16},"end":{"line":1,"column":34}},"1":{"start":{"line":2,"column":15},"end":{"line":2,"column":31}},"2":{"start":{"line":5,"column":21},"end":{"line":5,"column":23}},"3":{"start":{"line":8,"column":2},"end":{"line":17,"column":3}},"4":{"start":{"line":9,"column":19},"end":{"line":9,"column":41}},"5":{"start":{"line":10,"column":16},"end":{"line":10,"column":65}},"6":{"start":{"line":11,"column":16},"end":{"line":11,"column":62}},"7":{"start":{"line":12,"column":4},"end":{"line":12,"column":34}},"8":{"start":{"line":12,"column":21},"end":{"line":12,"column":34}},"9":{"start":{"line":13,"column":4},"end":{"line":13,"column":39}},"10":{"start":{"line":15,"column":4},"end":{"line":15,"column":48}},"11":{"start":{"line":16,"column":4},"end":{"line":16,"column":17}},"12":{"start":{"line":20,"column":21},"end":{"line":34,"column":1}},"13":{"start":{"line":21,"column":2},"end":{"line":23,"column":3}},"14":{"start":{"line":22,"column":4},"end":{"line":22,"column":62}},"15":{"start":{"line":26,"column":2},"end":{"line":26,"column":54}},"16":{"start":{"line":26,"column":40},"end":{"line":26,"column":54}},"17":{"start":{"line":28,"column":2},"end":{"line":33,"column":68}},"18":{"start":{"line":30,"column":6},"end":{"line":30,"column":85}},"19":{"start":{"line":30,"column":15},"end":{"line":30,"column":85}},"20":{"start":{"line":31,"column":6},"end":{"line":31,"column":13}},"21":{"start":{"line":33,"column":17},"end":{"line":33,"column":66}},"22":{"start":{"line":36,"column":19},"end":{"line":55,"column":1}},"23":{"start":{"line":37,"column":16},"end":{"line":47,"column":3}},"24":{"start":{"line":49,"column":2},"end":{"line":49,"column":27}},"25":{"start":{"line":52,"column":2},"end":{"line":52,"column":55}},"26":{"start":{"line":52,"column":34},"end":{"line":52,"column":55}},"27":{"start":{"line":54,"column":2},"end":{"line":54,"column":9}},"28":{"start":{"line":57,"column":0},"end":{"line":66,"column":3}},"29":{"start":{"line":58,"column":40},"end":{"line":58,"column":49}},"30":{"start":{"line":59,"column":15},"end":{"line":59,"column":32}},"31":{"start":{"line":61,"column":2},"end":{"line":61,"column":78}},"32":{"start":{"line":61,"column":13},"end":{"line":61,"column":78}},"33":{"start":{"line":61,"column":41},"end":{"line":61,"column":76}},"34":{"start":{"line":62,"column":2},"end":{"line":62,"column":106}},"35":{"start":{"line":62,"column":14},"end":{"line":62,"column":106}},"36":{"start":{"line":62,"column":42},"end":{"line":62,"column":104}},"37":{"start":{"line":64,"column":15},"end":{"line":64,"column":35}},"38":{"start":{"line":65,"column":2},"end":{"line":65,"column":90}},"39":{"start":{"line":68,"column":0},"end":{"line":71,"column":3}},"40":{"start":{"line":69,"column":2},"end":{"line":69,"column":26}},"41":{"start":{"line":70,"column":2},"end":{"line":70,"column":38}},"42":{"start":{"line":73,"column":0},"end":{"line":84,"column":3}},"43":{"start":{"line":74,"column":17},"end":{"line":79,"column":3}},"44":{"start":{"line":77,"column":6},"end":{"line":77,"column":109}},"45":{"start":{"line":81,"column":2},"end":{"line":81,"column":44}},"46":{"start":{"line":82,"column":2},"end":{"line":82,"column":72}},"47":{"start":{"line":83,"column":2},"end":{"line":83,"column":30}},"48":{"start":{"line":86,"column":0},"end":{"line":86,"column":40}}},"fnMap":{"0":{"name":"checkUserRole","decl":{"start":{"line":7,"column":15},"end":{"line":7,"column":28}},"loc":{"start":{"line":7,"column":39},"end":{"line":18,"column":1}},"line":7},"1":{"name":"(anonymous_1)","decl":{"start":{"line":20,"column":21},"end":{"line":20,"column":22}},"loc":{"start":{"line":20,"column":41},"end":{"line":34,"column":1}},"line":20},"2":{"name":"(anonymous_2)","decl":{"start":{"line":29,"column":10},"end":{"line":29,"column":11}},"loc":{"start":{"line":29,"column":16},"end":{"line":32,"column":5}},"line":29},"3":{"name":"(anonymous_3)","decl":{"start":{"line":33,"column":11},"end":{"line":33,"column":12}},"loc":{"start":{"line":33,"column":17},"end":{"line":33,"column":66}},"line":33},"4":{"name":"(anonymous_4)","decl":{"start":{"line":36,"column":19},"end":{"line":36,"column":20}},"loc":{"start":{"line":36,"column":39},"end":{"line":55,"column":1}},"line":36},"5":{"name":"(anonymous_5)","decl":{"start":{"line":57,"column":34},"end":{"line":57,"column":35}},"loc":{"start":{"line":57,"column":48},"end":{"line":66,"column":1}},"line":57},"6":{"name":"(anonymous_6)","decl":{"start":{"line":61,"column":36},"end":{"line":61,"column":37}},"loc":{"start":{"line":61,"column":41},"end":{"line":61,"column":76}},"line":61},"7":{"name":"(anonymous_7)","decl":{"start":{"line":62,"column":37},"end":{"line":62,"column":38}},"loc":{"start":{"line":62,"column":42},"end":{"line":62,"column":104}},"line":62},"8":{"name":"(anonymous_8)","decl":{"start":{"line":68,"column":37},"end":{"line":68,"column":38}},"loc":{"start":{"line":68,"column":51},"end":{"line":71,"column":1}},"line":68},"9":{"name":"(anonymous_9)","decl":{"start":{"line":73,"column":41},"end":{"line":73,"column":42}},"loc":{"start":{"line":73,"column":55},"end":{"line":84,"column":1}},"line":73},"10":{"name":"(anonymous_10)","decl":{"start":{"line":76,"column":24},"end":{"line":76,"column":25}},"loc":{"start":{"line":77,"column":6},"end":{"line":77,"column":109}},"line":77}},"branchMap":{"0":{"loc":{"start":{"line":10,"column":16},"end":{"line":10,"column":65}},"type":"binary-expr","locations":[{"start":{"line":10,"column":16},"end":{"line":10,"column":54}},{"start":{"line":10,"column":58},"end":{"line":10,"column":65}}],"line":10},"1":{"loc":{"start":{"line":12,"column":4},"end":{"line":12,"column":34}},"type":"if","locations":[{"start":{"line":12,"column":4},"end":{"line":12,"column":34}},{"start":{},"end":{}}],"line":12},"2":{"loc":{"start":{"line":21,"column":2},"end":{"line":23,"column":3}},"type":"if","locations":[{"start":{"line":21,"column":2},"end":{"line":23,"column":3}},{"start":{},"end":{}}],"line":21},"3":{"loc":{"start":{"line":26,"column":2},"end":{"line":26,"column":54}},"type":"if","locations":[{"start":{"line":26,"column":2},"end":{"line":26,"column":54}},{"start":{},"end":{}}],"line":26},"4":{"loc":{"start":{"line":30,"column":6},"end":{"line":30,"column":85}},"type":"if","locations":[{"start":{"line":30,"column":6},"end":{"line":30,"column":85}},{"start":{},"end":{}}],"line":30},"5":{"loc":{"start":{"line":42,"column":8},"end":{"line":42,"column":46}},"type":"binary-expr","locations":[{"start":{"line":42,"column":8},"end":{"line":42,"column":14}},{"start":{"line":42,"column":18},"end":{"line":42,"column":46}}],"line":42},"6":{"loc":{"start":{"line":44,"column":10},"end":{"line":44,"column":78}},"type":"cond-expr","locations":[{"start":{"line":44,"column":34},"end":{"line":44,"column":71}},{"start":{"line":44,"column":74},"end":{"line":44,"column":78}}],"line":44},"7":{"loc":{"start":{"line":46,"column":14},"end":{"line":46,"column":50}},"type":"binary-expr","locations":[{"start":{"line":46,"column":14},"end":{"line":46,"column":35}},{"start":{"line":46,"column":39},"end":{"line":46,"column":50}}],"line":46},"8":{"loc":{"start":{"line":52,"column":2},"end":{"line":52,"column":55}},"type":"if","locations":[{"start":{"line":52,"column":2},"end":{"line":52,"column":55}},{"start":{},"end":{}}],"line":52},"9":{"loc":{"start":{"line":58,"column":10},"end":{"line":58,"column":20}},"type":"default-arg","locations":[{"start":{"line":58,"column":18},"end":{"line":58,"column":20}}],"line":58},"10":{"loc":{"start":{"line":61,"column":2},"end":{"line":61,"column":78}},"type":"if","locations":[{"start":{"line":61,"column":2},"end":{"line":61,"column":78}},{"start":{},"end":{}}],"line":61},"11":{"loc":{"start":{"line":62,"column":2},"end":{"line":62,"column":106}},"type":"if","locations":[{"start":{"line":62,"column":2},"end":{"line":62,"column":106}},{"start":{},"end":{}}],"line":62}},"s":{"0":1,"1":1,"2":1,"3":0,"4":0,"5":0,"6":0,"7":0,"8":0,"9":0,"10":0,"11":0,"12":1,"13":11,"14":2,"15":9,"16":9,"17":0,"18":0,"19":0,"20":0,"21":0,"22":1,"23":11,"24":11,"25":11,"26":0,"27":11,"28":1,"29":6,"30":6,"31":6,"32":0,"33":0,"34":6,"35":1,"36":8,"37":6,"38":6,"39":1,"40":1,"41":1,"42":1,"43":2,"44":3,"45":2,"46":2,"47":2,"48":1},"f":{"0":0,"1":11,"2":0,"3":0,"4":11,"5":6,"6":0,"7":8,"8":1,"9":2,"10":3},"b":{"0":[0,0],"1":[0,0],"2":[2,9],"3":[9,0],"4":[0,0],"5":[11,0],"6":[0,11],"7":[11,2],"8":[0,11],"9":[5],"10":[0,6],"11":[1,5]},"_coverageSchema":"1a1c01bbd47fc00a2c39e90264f33305004495a9","hash":"ee0848dcac45fb14180113d4496cb1766ab80cb3"}
,"C:\\Users\\Utilisateur\\Desktop\\triple-auth\\backend\\routes\\security.js": {"path":"C:\\Users\\Utilisateur\\Desktop\\triple-auth\\backend\\routes\\security.js","statementMap":{"0":{"start":{"line":1,"column":16},"end":{"line":1,"column":34}},"1":{"start":{"line":2,"column":23},"end":{"line":2,"column":60}},"2":{"start":{"line":4,"column":15},"end":{"line":4,"column":31}},"3":{"start":{"line":6,"column":0},"end":{"line":15,"column":3}},"4":{"start":{"line":7,"column":2},"end":{"line":14,"column":3}},"5":{"start":{"line":8,"column":18},"end":{"line":8,"column":41}},"6":{"start":{"line":9,"column":20},"end":{"line":9,"column":58}},"7":{"start":{"line":10,"column":4},"end":{"line":10,"column":91}},"8":{"start":{"line":12,"column":4},"end":{"line":12,"column":44}},"9":{"start":{"line":13,"column":4},"end":{"line":13,"column":93}},"10":{"start":{"line":17,"column":0},"end":{"line":37,"column":3}},"11":{"start":{"line":18,"column":2},"end":{"line":36,"column":3}},"12":{"start":{"line":19,"column":18},"end":{"line":19,"column":50}},"13":{"start":{"line":20,"column":15},"end":{"line":20,"column":56}},"14":{"start":{"line":22,"column":4},"end":{"line":24,"column":5}},"15":{"start":{"line":23,"column":6},"end":{"line":23,"column":62}},"16":{"start":{"line":23,"column":30},"end":{"line":23,"column":60}},"17":{"start":{"line":25,"column":4},"end":{"line":30,"column":5}},"18":{"start":{"line":26,"column":16},"end":{"line":26,"column":46}},"19":{"start":{"line":27,"column":6},"end":{"line":29,"column":8}},"20":{"start":{"line":28,"column":8},"end":{"line":28,"column":102}},"21":{"start":{"line":32,"column":4},"end":{"line":32,"column":101}},"22":{"start":{"line":34,"column":4},"end":{"line":34,"column":48}},"23":{"start":{"line":35,"column":4},"end":{"line":35,"column":80}},"24":{"start":{"line":39,"column":0},"end":{"line":77,"column":3}},"25":{"start":{"line":40,"column":2},"end":{"line":76,"column":3}},"26":{"start":{"line":41,"column":20},"end":{"line":41,"column":76}},"27":{"start":{"line":42,"column":20},"end":{"line":42,"column":22}},"28":{"start":{"line":44,"column":4},"end":{"line":52,"column":5}},"29":{"start":{"line":45,"column":19},"end":{"line":45,"column":87}},"30":{"start":{"line":46,"column":6},"end":{"line":51,"column":9}},"31":{"start":{"line":54,"column":4},"end":{"line":61,"column":5}},"32":{"start":{"line":55,"column":6},"end":{"line":60,"column":9}},"33":{"start":{"line":63,"column":4},"end":{"line":70,"column":5}},"34":{"start":{"line":64,"column":6},"end":{"line":69,"column":9}},"35":{"start":{"line":72,"column":4},"end":{"line":72,"column":70}},"36":{"start":{"line":74,"column":4},"end":{"line":74,"column":42}},"37":{"start":{"line":75,"column":4},"end":{"line":75,"column":83}},"38":{"start":{"line":79,"column":0},"end":{"line":88,"column":3}},"39":{"start":{"line":80,"column":2},"end":{"line":87,"column":5}},"40":{"start":{"line":90,"column":0},"end":{"line":90,"column":28}}},"fnMap":{"0":{"name":"(anonymous_0)","decl":{"start":{"line":6,"column":23},"end":{"line":6,"column":24}},"loc":{"start":{"line":6,"column":43},"end":{"line":15,"column":1}},"line":6},"1":{"name":"(anonymous_1)","decl":{"start":{"line":17,"column":20},"end":{"line":17,"column":21}},"loc":{"start":{"line":17,"column":40},"end":{"line":37,"column":1}},"line":17},"2":{"name":"(anonymous_2)","decl":{"start":{"line":23,"column":25},"end":{"line":23,"column":26}},"loc":{"start":{"line":23,"column":30},"end":{"line":23,"column":60}},"line":23},"3":{"name":"(anonymous_3)","decl":{"start":{"line":27,"column":25},"end":{"line":27,"column":26}},"loc":{"start":{"line":28,"column":8},"end":{"line":28,"column":102}},"line":28},"4":{"name":"(anonymous_4)","decl":{"start":{"line":39,"column":22},"end":{"line":39,"column":23}},"loc":{"start":{"line":39,"column":42},"end":{"line":77,"column":1}},"line":39},"5":{"name":"(anonymous_5)","decl":{"start":{"line":79,"column":22},"end":{"line":79,"column":23}},"loc":{"start":{"line":79,"column":37},"end":{"line":88,"column":1}},"line":79}},"branchMap":{"0":{"loc":{"start":{"line":8,"column":18},"end":{"line":8,"column":41}},"type":"binary-expr","locations":[{"start":{"line":8,"column":18},"end":{"line":8,"column":33}},{"start":{"line":8,"column":37},"end":{"line":8,"column":41}}],"line":8},"1":{"loc":{"start":{"line":19,"column":18},"end":{"line":19,"column":50}},"type":"binary-expr","locations":[{"start":{"line":19,"column":18},"end":{"line":19,"column":43}},{"start":{"line":19,"column":47},"end":{"line":19,"column":50}}],"line":19},"2":{"loc":{"start":{"line":22,"column":4},"end":{"line":24,"column":5}},"type":"if","locations":[{"start":{"line":22,"column":4},"end":{"line":24,"column":5}},{"start":{},"end":{}}],"line":22},"3":{"loc":{"start":{"line":25,"column":4},"end":{"line":30,"column":5}},"type":"if","locations":[{"start":{"line":25,"column":4},"end":{"line":30,"column":5}},{"start":{},"end":{}}],"line":25},"4":{"loc":{"start":{"line":28,"column":8},"end":{"line":28,"column":102}},"type":"binary-expr","locations":[{"start":{"line":28,"column":8},"end":{"line":28,"column":40}},{"start":{"line":28,"column":44},"end":{"line":28,"column":60}},{"start":{"line":28,"column":64},"end":{"line":28,"column":102}}],"line":28},"5":{"loc":{"start":{"line":41,"column":52},"end":{"line":41,"column":75}},"type":"binary-expr","locations":[{"start":{"line":41,"column":52},"end":{"line":41,"column":67}},{"start":{"line":41,"column":71},"end":{"line":41,"column":75}}],"line":41},"6":{"loc":{"start":{"line":44,"column":4},"end":{"line":52,"column":5}},"type":"if","locations":[{"start":{"line":44,"column":4},"end":{"line":52,"column":5}},{"start":{},"end":{}}],"line":44},"7":{"loc":{"start":{"line":54,"column":4},"end":{"line":61,"column":5}},"type":"if","locations":[{"start":{"line":54,"column":4},"end":{"line":61,"column":5}},{"start":{},"end":{}}],"line":54},"8":{"loc":{"start":{"line":63,"column":4},"end":{"line":70,"column":5}},"type":"if","locations":[{"start":{"line":63,"column":4},"end":{"line":70,"column":5}},{"start":{},"end":{}}],"line":63},"9":{"loc":{"start":{"line":85,"column":13},"end":{"line":85,"column":55}},"type":"binary-expr","locations":[{"start":{"line":85,"column":13},"end":{"line":85,"column":44}},{"start":{"line":85,"column":48},"end":{"line":85,"column":55}}],"line":85}},"s":{"0":1,"1":1,"2":1,"3":1,"4":1,"5":1,"6":1,"7":1,"8":0,"9":0,"10":1,"11":1,"12":1,"13":1,"14":1,"15":0,"16":0,"17":1,"18":0,"19":0,"20":0,"21":1,"22":0,"23":0,"24":1,"25":1,"26":1,"27":1,"28":1,"29":0,"30":0,"31":1,"32":0,"33":1,"34":0,"35":1,"36":0,"37":0,"38":1,"39":1,"40":1},"f":{"0":1,"1":1,"2":0,"3":0,"4":1,"5":1},"b":{"0":[1,1],"1":[1,1],"2":[0,1],"3":[0,1],"4":[0,0,0],"5":[1,1],"6":[0,1],"7":[0,1],"8":[0,1],"9":[1,0]},"_coverageSchema":"1a1c01bbd47fc00a2c39e90264f33305004495a9","hash":"59ab0a47f0db94c208621e5da883685d3ae8980e"}
,"C:\\Users\\Utilisateur\\Desktop\\triple-auth\\backend\\services\\pin.js": {"path":"C:\\Users\\Utilisateur\\Desktop\\triple-auth\\backend\\services\\pin.js","statementMap":{"0":{"start":{"line":2,"column":19},"end":{"line":2,"column":28}},"1":{"start":{"line":5,"column":16},"end":{"line":5,"column":29}},"2":{"start":{"line":8,"column":2},"end":{"line":8,"column":68}},"3":{"start":{"line":12,"column":15},"end":{"line":12,"column":39}},"4":{"start":{"line":14,"column":2},"end":{"line":16,"column":3}},"5":{"start":{"line":15,"column":4},"end":{"line":15,"column":87}},"6":{"start":{"line":18,"column":2},"end":{"line":21,"column":3}},"7":{"start":{"line":19,"column":4},"end":{"line":19,"column":32}},"8":{"start":{"line":20,"column":4},"end":{"line":20,"column":85}},"9":{"start":{"line":23,"column":2},"end":{"line":25,"column":3}},"10":{"start":{"line":24,"column":4},"end":{"line":24,"column":51}},"11":{"start":{"line":28,"column":2},"end":{"line":28,"column":30}},"12":{"start":{"line":29,"column":2},"end":{"line":29,"column":22}},"13":{"start":{"line":32,"column":0},"end":{"line":32,"column":49}}},"fnMap":{"0":{"name":"enregistrerPin","decl":{"start":{"line":7,"column":9},"end":{"line":7,"column":23}},"loc":{"start":{"line":7,"column":39},"end":{"line":9,"column":1}},"line":7},"1":{"name":"verifierPin","decl":{"start":{"line":11,"column":9},"end":{"line":11,"column":20}},"loc":{"start":{"line":11,"column":41},"end":{"line":30,"column":1}},"line":11}},"branchMap":{"0":{"loc":{"start":{"line":14,"column":2},"end":{"line":16,"column":3}},"type":"if","locations":[{"start":{"line":14,"column":2},"end":{"line":16,"column":3}},{"start":{},"end":{}}],"line":14},"1":{"loc":{"start":{"line":18,"column":2},"end":{"line":21,"column":3}},"type":"if","locations":[{"start":{"line":18,"column":2},"end":{"line":21,"column":3}},{"start":{},"end":{}}],"line":18},"2":{"loc":{"start":{"line":23,"column":2},"end":{"line":25,"column":3}},"type":"if","locations":[{"start":{"line":23,"column":2},"end":{"line":25,"column":3}},{"start":{},"end":{}}],"line":23}},"s":{"0":3,"1":3,"2":13,"3":14,"4":14,"5":2,"6":12,"7":0,"8":0,"9":12,"10":3,"11":9,"12":9,"13":3},"f":{"0":13,"1":14},"b":{"0":[2,12],"1":[0,12],"2":[3,9]},"_coverageSchema":"1a1c01bbd47fc00a2c39e90264f33305004495a9","hash":"0c4474963bb64d4abf0abd1c6e6bd35feb1136ce"}
,"C:\\Users\\Utilisateur\\Desktop\\triple-auth\\backend\\services\\securityLogger.js": {"path":"C:\\Users\\Utilisateur\\Desktop\\triple-auth\\backend\\services\\securityLogger.js","statementMap":{"0":{"start":{"line":1,"column":15},"end":{"line":1,"column":37}},"1":{"start":{"line":6,"column":4},"end":{"line":6,"column":21}},"2":{"start":{"line":10,"column":18},"end":{"line":31,"column":5}},"3":{"start":{"line":33,"column":4},"end":{"line":33,"column":28}},"4":{"start":{"line":34,"column":4},"end":{"line":34,"column":39}},"5":{"start":{"line":35,"column":4},"end":{"line":35,"column":32}},"6":{"start":{"line":37,"column":4},"end":{"line":37,"column":17}},"7":{"start":{"line":41,"column":20},"end":{"line":52,"column":5}},"8":{"start":{"line":53,"column":4},"end":{"line":53,"column":40}},"9":{"start":{"line":57,"column":4},"end":{"line":61,"column":5}},"10":{"start":{"line":58,"column":6},"end":{"line":58,"column":87}},"11":{"start":{"line":60,"column":6},"end":{"line":60,"column":77}},"12":{"start":{"line":65,"column":4},"end":{"line":69,"column":7}},"13":{"start":{"line":73,"column":4},"end":{"line":73,"column":97}},"14":{"start":{"line":77,"column":4},"end":{"line":77,"column":92}},"15":{"start":{"line":81,"column":4},"end":{"line":86,"column":7}},"16":{"start":{"line":90,"column":4},"end":{"line":90,"column":95}},"17":{"start":{"line":94,"column":4},"end":{"line":94,"column":73}},"18":{"start":{"line":98,"column":4},"end":{"line":98,"column":77}},"19":{"start":{"line":102,"column":4},"end":{"line":112,"column":5}},"20":{"start":{"line":103,"column":19},"end":{"line":107,"column":14}},"21":{"start":{"line":108,"column":6},"end":{"line":108,"column":67}},"22":{"start":{"line":108,"column":35},"end":{"line":108,"column":64}},"23":{"start":{"line":110,"column":6},"end":{"line":110,"column":54}},"24":{"start":{"line":111,"column":6},"end":{"line":111,"column":16}},"25":{"start":{"line":116,"column":4},"end":{"line":139,"column":5}},"26":{"start":{"line":117,"column":20},"end":{"line":117,"column":73}},"27":{"start":{"line":118,"column":19},"end":{"line":121,"column":14}},"28":{"start":{"line":123,"column":19},"end":{"line":123,"column":47}},"29":{"start":{"line":123,"column":38},"end":{"line":123,"column":46}},"30":{"start":{"line":125,"column":6},"end":{"line":135,"column":8}},"31":{"start":{"line":127,"column":46},"end":{"line":127,"column":63}},"32":{"start":{"line":128,"column":42},"end":{"line":128,"column":60}},"33":{"start":{"line":129,"column":48},"end":{"line":129,"column":54}},"34":{"start":{"line":130,"column":46},"end":{"line":130,"column":50}},"35":{"start":{"line":131,"column":48},"end":{"line":131,"column":73}},"36":{"start":{"line":137,"column":6},"end":{"line":137,"column":46}},"37":{"start":{"line":138,"column":6},"end":{"line":138,"column":16}},"38":{"start":{"line":143,"column":18},"end":{"line":149,"column":5}},"39":{"start":{"line":150,"column":4},"end":{"line":150,"column":39}},"40":{"start":{"line":154,"column":17},"end":{"line":154,"column":60}},"41":{"start":{"line":154,"column":34},"end":{"line":154,"column":59}},"42":{"start":{"line":155,"column":4},"end":{"line":155,"column":31}},"43":{"start":{"line":155,"column":22},"end":{"line":155,"column":31}},"44":{"start":{"line":156,"column":18},"end":{"line":156,"column":69}},"45":{"start":{"line":156,"column":40},"end":{"line":156,"column":65}},"46":{"start":{"line":157,"column":4},"end":{"line":157,"column":43}},"47":{"start":{"line":161,"column":4},"end":{"line":164,"column":11}},"48":{"start":{"line":162,"column":6},"end":{"line":162,"column":55}},"49":{"start":{"line":163,"column":6},"end":{"line":163,"column":17}},"50":{"start":{"line":168,"column":4},"end":{"line":171,"column":11}},"51":{"start":{"line":169,"column":6},"end":{"line":169,"column":51}},"52":{"start":{"line":170,"column":6},"end":{"line":170,"column":17}},"53":{"start":{"line":175,"column":4},"end":{"line":192,"column":5}},"54":{"start":{"line":176,"column":21},"end":{"line":176,"column":69}},"55":{"start":{"line":177,"column":19},"end":{"line":182,"column":14}},"56":{"start":{"line":184,"column":6},"end":{"line":187,"column":7}},"57":{"start":{"line":185,"column":8},"end":{"line":185,"column":75}},"58":{"start":{"line":186,"column":8},"end":{"line":186,"column":20}},"59":{"start":{"line":188,"column":6},"end":{"line":188,"column":19}},"60":{"start":{"line":190,"column":6},"end":{"line":190,"column":58}},"61":{"start":{"line":191,"column":6},"end":{"line":191,"column":19}},"62":{"start":{"line":196,"column":0},"end":{"line":196,"column":38}}},"fnMap":{"0":{"name":"(anonymous_0)","decl":{"start":{"line":4,"column":2},"end":{"line":4,"column":3}},"loc":{"start":{"line":4,"column":16},"end":{"line":7,"column":3}},"line":4},"1":{"name":"(anonymous_1)","decl":{"start":{"line":9,"column":2},"end":{"line":9,"column":3}},"loc":{"start":{"line":9,"column":28},"end":{"line":38,"column":3}},"line":9},"2":{"name":"(anonymous_2)","decl":{"start":{"line":40,"column":2},"end":{"line":40,"column":3}},"loc":{"start":{"line":40,"column":25},"end":{"line":54,"column":3}},"line":40},"3":{"name":"(anonymous_3)","decl":{"start":{"line":56,"column":2},"end":{"line":56,"column":3}},"loc":{"start":{"line":56,"column":31},"end":{"line":62,"column":3}},"line":56},"4":{"name":"(anonymous_4)","decl":{"start":{"line":64,"column":2},"end":{"line":64,"column":3}},"loc":{"start":{"line":64,"column":61},"end":{"line":70,"column":3}},"line":64},"5":{"name":"(anonymous_5)","decl":{"start":{"line":72,"column":2},"end":{"line":72,"column":3}},"loc":{"start":{"line":72,"column":53},"end":{"line":74,"column":3}},"line":72},"6":{"name":"(anonymous_6)","decl":{"start":{"line":76,"column":2},"end":{"line":76,"column":3}},"loc":{"start":{"line":76,"column":40},"end":{"line":78,"column":3}},"line":76},"7":{"name":"(anonymous_7)","decl":{"start":{"line":80,"column":2},"end":{"line":80,"column":3}},"loc":{"start":{"line":80,"column":64},"end":{"line":87,"column":3}},"line":80},"8":{"name":"(anonymous_8)","decl":{"start":{"line":89,"column":2},"end":{"line":89,"column":3}},"loc":{"start":{"line":89,"column":41},"end":{"line":91,"column":3}},"line":89},"9":{"name":"(anonymous_9)","decl":{"start":{"line":93,"column":2},"end":{"line":93,"column":3}},"loc":{"start":{"line":93,"column":45},"end":{"line":95,"column":3}},"line":93},"10":{"name":"(anonymous_10)","decl":{"start":{"line":97,"column":2},"end":{"line":97,"column":3}},"loc":{"start":{"line":97,"column":49},"end":{"line":99,"column":3}},"line":97},"11":{"name":"(anonymous_11)","decl":{"start":{"line":101,"column":2},"end":{"line":101,"column":3}},"loc":{"start":{"line":101,"column":35},"end":{"line":113,"column":3}},"line":101},"12":{"name":"(anonymous_12)","decl":{"start":{"line":108,"column":27},"end":{"line":108,"column":28}},"loc":{"start":{"line":108,"column":35},"end":{"line":108,"column":64}},"line":108},"13":{"name":"(anonymous_13)","decl":{"start":{"line":115,"column":2},"end":{"line":115,"column":3}},"loc":{"start":{"line":115,"column":37},"end":{"line":140,"column":3}},"line":115},"14":{"name":"(anonymous_14)","decl":{"start":{"line":123,"column":33},"end":{"line":123,"column":34}},"loc":{"start":{"line":123,"column":38},"end":{"line":123,"column":46}},"line":123},"15":{"name":"(anonymous_15)","decl":{"start":{"line":127,"column":41},"end":{"line":127,"column":42}},"loc":{"start":{"line":127,"column":46},"end":{"line":127,"column":63}},"line":127},"16":{"name":"(anonymous_16)","decl":{"start":{"line":128,"column":37},"end":{"line":128,"column":38}},"loc":{"start":{"line":128,"column":42},"end":{"line":128,"column":60}},"line":128},"17":{"name":"(anonymous_17)","decl":{"start":{"line":129,"column":43},"end":{"line":129,"column":44}},"loc":{"start":{"line":129,"column":48},"end":{"line":129,"column":54}},"line":129},"18":{"name":"(anonymous_18)","decl":{"start":{"line":130,"column":41},"end":{"line":130,"column":42}},"loc":{"start":{"line":130,"column":46},"end":{"line":130,"column":50}},"line":130},"19":{"name":"(anonymous_19)","decl":{"start":{"line":131,"column":43},"end":{"line":131,"column":44}},"loc":{"start":{"line":131,"column":48},"end":{"line":131,"column":73}},"line":131},"20":{"name":"(anonymous_20)","decl":{"start":{"line":142,"column":2},"end":{"line":142,"column":3}},"loc":{"start":{"line":142,"column":24},"end":{"line":151,"column":3}},"line":142},"21":{"name":"(anonymous_21)","decl":{"start":{"line":153,"column":2},"end":{"line":153,"column":3}},"loc":{"start":{"line":153,"column":29},"end":{"line":158,"column":3}},"line":153},"22":{"name":"(anonymous_22)","decl":{"start":{"line":154,"column":29},"end":{"line":154,"column":30}},"loc":{"start":{"line":154,"column":34},"end":{"line":154,"column":59}},"line":154},"23":{"name":"(anonymous_23)","decl":{"start":{"line":156,"column":30},"end":{"line":156,"column":31}},"loc":{"start":{"line":156,"column":40},"end":{"line":156,"column":65}},"line":156},"24":{"name":"(anonymous_24)","decl":{"start":{"line":160,"column":2},"end":{"line":160,"column":3}},"loc":{"start":{"line":160,"column":26},"end":{"line":165,"column":3}},"line":160},"25":{"name":"(anonymous_25)","decl":{"start":{"line":161,"column":23},"end":{"line":161,"column":24}},"loc":{"start":{"line":161,"column":35},"end":{"line":164,"column":5}},"line":161},"26":{"name":"(anonymous_26)","decl":{"start":{"line":167,"column":2},"end":{"line":167,"column":3}},"loc":{"start":{"line":167,"column":30},"end":{"line":172,"column":3}},"line":167},"27":{"name":"(anonymous_27)","decl":{"start":{"line":168,"column":23},"end":{"line":168,"column":24}},"loc":{"start":{"line":168,"column":35},"end":{"line":171,"column":5}},"line":168},"28":{"name":"(anonymous_28)","decl":{"start":{"line":174,"column":2},"end":{"line":174,"column":3}},"loc":{"start":{"line":174,"column":75},"end":{"line":193,"column":3}},"line":174}},"branchMap":{"0":{"loc":{"start":{"line":15,"column":12},"end":{"line":15,"column":53}},"type":"binary-expr","locations":[{"start":{"line":15,"column":12},"end":{"line":15,"column":25}},{"start":{"line":15,"column":29},"end":{"line":15,"column":38}},{"start":{"line":15,"column":42},"end":{"line":15,"column":53}}],"line":15},"1":{"loc":{"start":{"line":16,"column":10},"end":{"line":16,"column":47}},"type":"binary-expr","locations":[{"start":{"line":16,"column":10},"end":{"line":16,"column":17}},{"start":{"line":16,"column":21},"end":{"line":16,"column":34}},{"start":{"line":16,"column":38},"end":{"line":16,"column":47}}],"line":16},"2":{"loc":{"start":{"line":17,"column":18},"end":{"line":17,"column":45}},"type":"binary-expr","locations":[{"start":{"line":17,"column":18},"end":{"line":17,"column":32}},{"start":{"line":17,"column":36},"end":{"line":17,"column":45}}],"line":17},"3":{"loc":{"start":{"line":18,"column":18},"end":{"line":18,"column":42}},"type":"binary-expr","locations":[{"start":{"line":18,"column":18},"end":{"line":18,"column":32}},{"start":{"line":18,"column":36},"end":{"line":18,"column":42}}],"line":18},"4":{"loc":{"start":{"line":21,"column":19},"end":{"line":21,"column":41}},"type":"binary-expr","locations":[{"start":{"line":21,"column":19},"end":{"line":21,"column":28}},{"start":{"line":21,"column":32},"end":{"line":21,"column":41}}],"line":21},"5":{"loc":{"start":{"line":22,"column":16},"end":{"line":22,"column":37}},"type":"binary-expr","locations":[{"start":{"line":22,"column":16},"end":{"line":22,"column":27}},{"start":{"line":22,"column":31},"end":{"line":22,"column":37}}],"line":22},"6":{"loc":{"start":{"line":23,"column":21},"end":{"line":23,"column":39}},"type":"binary-expr","locations":[{"start":{"line":23,"column":21},"end":{"line":23,"column":34}},{"start":{"line":23,"column":38},"end":{"line":23,"column":39}}],"line":23},"7":{"loc":{"start":{"line":53,"column":11},"end":{"line":53,"column":39}},"type":"binary-expr","locations":[{"start":{"line":53,"column":11},"end":{"line":53,"column":29}},{"start":{"line":53,"column":33},"end":{"line":53,"column":39}}],"line":53},"8":{"loc":{"start":{"line":101,"column":22},"end":{"line":101,"column":33}},"type":"default-arg","locations":[{"start":{"line":101,"column":30},"end":{"line":101,"column":33}}],"line":101},"9":{"loc":{"start":{"line":115,"column":19},"end":{"line":115,"column":35}},"type":"default-arg","locations":[{"start":{"line":115,"column":31},"end":{"line":115,"column":35}}],"line":115},"10":{"loc":{"start":{"line":150,"column":11},"end":{"line":150,"column":38}},"type":"binary-expr","locations":[{"start":{"line":150,"column":11},"end":{"line":150,"column":23}},{"start":{"line":150,"column":27},"end":{"line":150,"column":38}}],"line":150},"11":{"loc":{"start":{"line":155,"column":4},"end":{"line":155,"column":31}},"type":"if","locations":[{"start":{"line":155,"column":4},"end":{"line":155,"column":31}},{"start":{},"end":{}}],"line":155},"12":{"loc":{"start":{"line":162,"column":27},"end":{"line":162,"column":49}},"type":"binary-expr","locations":[{"start":{"line":162,"column":27},"end":{"line":162,"column":44}},{"start":{"line":162,"column":48},"end":{"line":162,"column":49}}],"line":162},"13":{"loc":{"start":{"line":169,"column":25},"end":{"line":169,"column":45}},"type":"binary-expr","locations":[{"start":{"line":169,"column":25},"end":{"line":169,"column":40}},{"start":{"line":169,"column":44},"end":{"line":169,"column":45}}],"line":169},"14":{"loc":{"start":{"line":174,"column":39},"end":{"line":174,"column":56}},"type":"default-arg","locations":[{"start":{"line":174,"column":55},"end":{"line":174,"column":56}}],"line":174},"15":{"loc":{"start":{"line":174,"column":58},"end":{"line":174,"column":73}},"type":"default-arg","locations":[{"start":{"line":174,"column":72},"end":{"line":174,"column":73}}],"line":174},"16":{"loc":{"start":{"line":184,"column":6},"end":{"line":187,"column":7}},"type":"if","locations":[{"start":{"line":184,"column":6},"end":{"line":187,"column":7}},{"start":{},"end":{}}],"line":184}},"s":{"0":1,"1":1,"2":15,"3":15,"4":15,"5":15,"6":15,"7":21,"8":21,"9":15,"10":15,"11":0,"12":1,"13":1,"14":1,"15":1,"16":1,"17":1,"18":1,"19":2,"20":2,"21":2,"22":0,"23":0,"24":0,"25":3,"26":3,"27":3,"28":3,"29":0,"30":3,"31":0,"32":0,"33":0,"34":0,"35":0,"36":0,"37":0,"38":3,"39":3,"40":3,"41":0,"42":3,"43":3,"44":0,"45":0,"46":0,"47":3,"48":0,"49":0,"50":3,"51":0,"52":0,"53":2,"54":2,"55":2,"56":2,"57":0,"58":0,"59":2,"60":0,"61":0,"62":1},"f":{"0":1,"1":15,"2":21,"3":15,"4":1,"5":1,"6":1,"7":1,"8":1,"9":1,"10":1,"11":2,"12":0,"13":3,"14":0,"15":0,"16":0,"17":0,"18":0,"19":0,"20":3,"21":3,"22":0,"23":0,"24":3,"25":0,"26":3,"27":0,"28":2},"b":{"0":[15,1,1],"1":[15,7,7],"2":[15,15],"3":[15,12],"4":[15,14],"5":[15,14],"6":[15,14],"7":[21,1],"8":[0],"9":[0],"10":[3,0],"11":[3,0],"12":[0,0],"13":[0,0],"14":[2],"15":[2],"16":[0,2]},"_coverageSchema":"1a1c01bbd47fc00a2c39e90264f33305004495a9","hash":"04ceca590a1edd9ecc8e77b652f67f2b6eee7d30"}
,"C:\\Users\\Utilisateur\\Desktop\\triple-auth\\backend\\utils\\helpers.js": {"path":"C:\\Users\\Utilisateur\\Desktop\\triple-auth\\backend\\utils\\helpers.js","statementMap":{"0":{"start":{"line":1,"column":15},"end":{"line":1,"column":32}},"1":{"start":{"line":2,"column":19},"end":{"line":2,"column":40}},"2":{"start":{"line":4,"column":20},"end":{"line":10,"column":2}},"3":{"start":{"line":13,"column":2},"end":{"line":15,"column":3}},"4":{"start":{"line":14,"column":4},"end":{"line":14,"column":99}},"5":{"start":{"line":20,"column":2},"end":{"line":20,"column":54}},"6":{"start":{"line":24,"column":2},"end":{"line":24,"column":60}},"7":{"start":{"line":24,"column":22},"end":{"line":24,"column":60}},"8":{"start":{"line":25,"column":2},"end":{"line":25,"column":67}},"9":{"start":{"line":25,"column":26},"end":{"line":25,"column":67}},"10":{"start":{"line":26,"column":2},"end":{"line":26,"column":63}},"11":{"start":{"line":26,"column":26},"end":{"line":26,"column":63}},"12":{"start":{"line":27,"column":2},"end":{"line":27,"column":14}},"13":{"start":{"line":32,"column":2},"end":{"line":36,"column":29}},"14":{"start":{"line":40,"column":21},"end":{"line":40,"column":41}},"15":{"start":{"line":42,"column":2},"end":{"line":58,"column":5}},"16":{"start":{"line":61,"column":0},"end":{"line":61,"column":113}}},"fnMap":{"0":{"name":"avertirSiGmailIncomplet","decl":{"start":{"line":12,"column":9},"end":{"line":12,"column":32}},"loc":{"start":{"line":12,"column":35},"end":{"line":16,"column":1}},"line":12},"1":{"name":"genererPin","decl":{"start":{"line":19,"column":9},"end":{"line":19,"column":19}},"loc":{"start":{"line":19,"column":22},"end":{"line":21,"column":1}},"line":19},"2":{"name":"validerPassword","decl":{"start":{"line":23,"column":9},"end":{"line":23,"column":24}},"loc":{"start":{"line":23,"column":30},"end":{"line":28,"column":1}},"line":23},"3":{"name":"echapperHtml","decl":{"start":{"line":31,"column":9},"end":{"line":31,"column":21}},"loc":{"start":{"line":31,"column":25},"end":{"line":37,"column":1}},"line":31},"4":{"name":"envoyerPin","decl":{"start":{"line":39,"column":15},"end":{"line":39,"column":25}},"loc":{"start":{"line":39,"column":46},"end":{"line":59,"column":1}},"line":39}},"branchMap":{"0":{"loc":{"start":{"line":13,"column":2},"end":{"line":15,"column":3}},"type":"if","locations":[{"start":{"line":13,"column":2},"end":{"line":15,"column":3}},{"start":{},"end":{}}],"line":13},"1":{"loc":{"start":{"line":13,"column":6},"end":{"line":13,"column":56}},"type":"binary-expr","locations":[{"start":{"line":13,"column":6},"end":{"line":13,"column":29}},{"start":{"line":13,"column":33},"end":{"line":13,"column":56}}],"line":13},"2":{"loc":{"start":{"line":24,"column":2},"end":{"line":24,"column":60}},"type":"if","locations":[{"start":{"line":24,"column":2},"end":{"line":24,"column":60}},{"start":{},"end":{}}],"line":24},"3":{"loc":{"start":{"line":25,"column":2},"end":{"line":25,"column":67}},"type":"if","locations":[{"start":{"line":25,"column":2},"end":{"line":25,"column":67}},{"start":{},"end":{}}],"line":25},"4":{"loc":{"start":{"line":26,"column":2},"end":{"line":26,"column":63}},"type":"if","locations":[{"start":{"line":26,"column":2},"end":{"line":26,"column":63}},{"start":{},"end":{}}],"line":26}},"s":{"0":1,"1":1,"2":1,"3":0,"4":0,"5":31,"6":6,"7":2,"8":4,"9":1,"10":3,"11":1,"12":2,"13":6,"14":0,"15":0,"16":1},"f":{"0":0,"1":31,"2":6,"3":6,"4":0},"b":{"0":[0,0],"1":[0,0],"2":[2,4],"3":[1,3],"4":[1,2]},"_coverageSchema":"1a1c01bbd47fc00a2c39e90264f33305004495a9","hash":"927a2d63494670622415a2934fe2c38f5ef0f467"}
}
