TN:
SF:routes\auth.js
FN:29,getUserByUsername
FN:37,emailDejaUtilise
FN:42,estDejaExistantFirestore
FN:46,estFirestoreDesactive
FN:51,reponseFirestoreIndispo
FN:60,(anonymous_5)
FN:109,(anonymous_6)
FN:160,(anonymous_7)
FN:190,(anonymous_8)
FN:223,(anonymous_9)
FN:228,(anonymous_10)
FN:229,(anonymous_11)
FNF:12
FNH:9
FNDA:24,getUserByUsername
FNDA:1,emailDejaUtilise
FNDA:0,estDejaExistantFirestore
FNDA:0,estFirestoreDesactive
FNDA:0,reponseFirestoreIndispo
FNDA:5,(anonymous_5)
FNDA:14,(anonymous_6)
FNDA:8,(anonymous_7)
FNDA:5,(anonymous_8)
FNDA:4,(anonymous_9)
FNDA:2,(anonymous_10)
FNDA:2,(anonymous_11)
DA:1,2
DA:2,2
DA:3,2
DA:5,2
DA:6,2
DA:7,2
DA:8,2
DA:10,2
DA:11,2
DA:13,2
DA:21,2
DA:30,24
DA:31,23
DA:32,23
DA:33,23
DA:34,19
DA:38,1
DA:39,1
DA:43,0
DA:47,0
DA:52,0
DA:53,0
DA:54,0
DA:57,0
DA:60,2
DA:61,5
DA:63,5
DA:64,3
DA:66,2
DA:67,1
DA:70,1
DA:71,1
DA:73,1
DA:74,1
DA:76,1
DA:77,1
DA:78,0
DA:82,1
DA:83,1
DA:85,1
DA:97,1
DA:98,1
DA:100,0
DA:101,0
DA:102,0
DA:104,0
DA:105,0
DA:109,2
DA:110,14
DA:111,14
DA:112,14
DA:115,14
DA:116,14
DA:118,0
DA:119,0
DA:120,0
DA:124,14
DA:125,5
DA:126,5
DA:127,5
DA:128,5
DA:131,9
DA:132,9
DA:133,1
DA:134,1
DA:135,1
DA:136,1
DA:139,8
DA:140,8
DA:141,8
DA:143,8
DA:153,8
DA:160,2
DA:161,8
DA:164,6
DA:165,6
DA:167,0
DA:168,0
DA:170,6
DA:172,6
DA:173,6
DA:175,5
DA:176,5
DA:177,5
DA:178,5
DA:179,5
DA:180,5
DA:181,5
DA:183,0
DA:184,0
DA:190,2
DA:191,5
DA:192,5
DA:194,5
DA:197,4
DA:198,4
DA:200,0
DA:201,0
DA:203,4
DA:205,4
DA:206,4
DA:207,1
DA:208,1
DA:211,3
DA:212,3
DA:214,3
DA:215,3
DA:217,3
DA:223,2
DA:224,4
DA:225,1
DA:228,2
DA:229,2
DA:232,2
LF:114
LH:93
BRDA:11,0,0,2
BRDA:11,0,1,2
BRDA:30,1,0,1
BRDA:30,1,1,23
BRDA:33,2,0,4
BRDA:33,2,1,19
BRDA:43,3,0,0
BRDA:43,3,1,0
BRDA:47,4,0,0
BRDA:47,4,1,0
BRDA:47,4,2,0
BRDA:47,4,3,0
BRDA:52,5,0,0
BRDA:52,5,1,0
BRDA:63,6,0,3
BRDA:63,6,1,2
BRDA:63,7,0,5
BRDA:63,7,1,2
BRDA:63,7,2,2
BRDA:63,7,3,2
BRDA:63,7,4,2
BRDA:63,7,5,2
BRDA:63,7,6,2
BRDA:63,7,7,2
BRDA:66,8,0,1
BRDA:66,8,1,1
BRDA:71,9,0,0
BRDA:71,9,1,1
BRDA:77,10,0,0
BRDA:77,10,1,1
BRDA:100,11,0,0
BRDA:100,11,1,0
BRDA:101,12,0,0
BRDA:101,12,1,0
BRDA:111,13,0,14
BRDA:111,13,1,0
BRDA:118,14,0,0
BRDA:118,14,1,0
BRDA:124,15,0,5
BRDA:124,15,1,9
BRDA:127,16,0,0
BRDA:127,16,1,5
BRDA:132,17,0,1
BRDA:132,17,1,8
BRDA:135,18,0,0
BRDA:135,18,1,1
BRDA:141,19,0,8
BRDA:141,19,1,0
BRDA:145,20,0,8
BRDA:145,20,1,8
BRDA:156,21,0,8
BRDA:156,21,1,0
BRDA:161,22,0,2
BRDA:161,22,1,6
BRDA:167,23,0,0
BRDA:167,23,1,0
BRDA:170,24,0,0
BRDA:170,24,1,6
BRDA:173,25,0,1
BRDA:173,25,1,5
BRDA:192,26,0,5
BRDA:192,26,1,0
BRDA:194,27,0,1
BRDA:194,27,1,4
BRDA:200,28,0,0
BRDA:200,28,1,0
BRDA:203,29,0,0
BRDA:203,29,1,4
BRDA:206,30,0,1
BRDA:206,30,1,3
BRDA:224,31,0,3
BRDA:224,31,1,1
BRF:72
BRH:44
end_of_record
TN:
SF:routes\logs.js
FN:7,checkUserRole
FN:20,(anonymous_1)
FN:29,(anonymous_2)
FN:33,(anonymous_3)
FN:36,(anonymous_4)
FN:57,(anonymous_5)
FN:61,(anonymous_6)
FN:62,(anonymous_7)
FN:68,(anonymous_8)
FN:73,(anonymous_9)
FN:76,(anonymous_10)
FNF:11
FNH:7
FNDA:0,checkUserRole
FNDA:11,(anonymous_1)
FNDA:0,(anonymous_2)
FNDA:0,(anonymous_3)
FNDA:11,(anonymous_4)
FNDA:6,(anonymous_5)
FNDA:0,(anonymous_6)
FNDA:8,(anonymous_7)
FNDA:1,(anonymous_8)
FNDA:2,(anonymous_9)
FNDA:3,(anonymous_10)
DA:1,1
DA:2,1
DA:5,1
DA:8,0
DA:9,0
DA:10,0
DA:11,0
DA:12,0
DA:13,0
DA:15,0
DA:16,0
DA:20,1
DA:21,11
DA:22,2
DA:26,9
DA:28,0
DA:30,0
DA:31,0
DA:33,0
DA:36,1
DA:37,11
DA:49,11
DA:52,11
DA:54,11
DA:57,1
DA:58,6
DA:59,6
DA:61,6
DA:62,8
DA:64,6
DA:65,6
DA:68,1
DA:69,1
DA:70,1
DA:73,1
DA:74,2
DA:77,3
DA:81,2
DA:82,2
DA:83,2
DA:86,1
LF:41
LH:29
BRDA:10,0,0,0
BRDA:10,0,1,0
BRDA:12,1,0,0
BRDA:12,1,1,0
BRDA:21,2,0,2
BRDA:21,2,1,9
BRDA:26,3,0,9
BRDA:26,3,1,0
BRDA:30,4,0,0
BRDA:30,4,1,0
BRDA:42,5,0,11
BRDA:42,5,1,0
BRDA:44,6,0,0
BRDA:44,6,1,11
BRDA:46,7,0,11
BRDA:46,7,1,2
BRDA:52,8,0,0
BRDA:52,8,1,11
BRDA:58,9,0,5
BRDA:61,10,0,0
BRDA:61,10,1,6
BRDA:62,11,0,1
BRDA:62,11,1,5
BRF:23
BRH:12
end_of_record
TN:
SF:routes\security.js
FN:6,(anonymous_0)
FN:17,(anonymous_1)
FN:23,(anonymous_2)
FN:27,(anonymous_3)
FN:39,(anonymous_4)
FN:79,(anonymous_5)
FNF:6
FNH:4
FNDA:1,(anonymous_0)
FNDA:1,(anonymous_1)
FNDA:0,(anonymous_2)
FNDA:0,(anonymous_3)
FNDA:1,(anonymous_4)
FNDA:1,(anonymous_5)
DA:1,1
DA:2,1
DA:4,1
DA:6,1
DA:7,1
DA:8,1
DA:9,1
DA:10,1
DA:12,0
DA:13,0
DA:17,1
DA:18,1
DA:19,1
DA:20,1
DA:22,1
DA:23,0
DA:25,1
DA:26,0
DA:27,0
DA:28,0
DA:32,1
DA:34,0
DA:35,0
DA:39,1
DA:40,1
DA:41,1
DA:42,1
DA:44,1
DA:45,0
DA:46,0
DA:54,1
DA:55,0
DA:63,1
DA:64,0
DA:72,1
DA:74,0
DA:75,0
DA:79,1
DA:80,1
DA:90,1
LF:40
LH:26
BRDA:8,0,0,1
BRDA:8,0,1,1
BRDA:19,1,0,1
BRDA:19,1,1,1
BRDA:22,2,0,0
BRDA:22,2,1,1
BRDA:25,3,0,0
BRDA:25,3,1,1
BRDA:28,4,0,0
BRDA:28,4,1,0
BRDA:28,4,2,0
BRDA:41,5,0,1
BRDA:41,5,1,1
BRDA:44,6,0,0
BRDA:44,6,1,1
BRDA:54,7,0,0
BRDA:54,7,1,1
BRDA:63,8,0,0
BRDA:63,8,1,1
BRDA:85,9,0,1
BRDA:85,9,1,0
BRF:21
BRH:12
end_of_record
TN:
SF:services\pin.js
FN:7,enregistrerPin
FN:11,verifierPin
FNF:2
FNH:2
FNDA:13,enregistrerPin
FNDA:14,verifierPin
DA:2,3
DA:5,3
DA:8,13
DA:12,14
DA:14,14
DA:15,2
DA:18,12
DA:19,0
DA:20,0
DA:23,12
DA:24,3
DA:28,9
DA:29,9
DA:32,3
LF:14
LH:12
BRDA:14,0,0,2
BRDA:14,0,1,12
BRDA:18,1,0,0
BRDA:18,1,1,12
BRDA:23,2,0,3
BRDA:23,2,1,9
BRF:6
BRH:5
end_of_record
TN:
SF:services\securityLogger.js
FN:4,(anonymous_0)
FN:9,(anonymous_1)
FN:40,(anonymous_2)
FN:56,(anonymous_3)
FN:64,(anonymous_4)
FN:72,(anonymous_5)
FN:76,(anonymous_6)
FN:80,(anonymous_7)
FN:89,(anonymous_8)
FN:93,(anonymous_9)
FN:97,(anonymous_10)
FN:101,(anonymous_11)
FN:108,(anonymous_12)
FN:115,(anonymous_13)
FN:123,(anonymous_14)
FN:127,(anonymous_15)
FN:128,(anonymous_16)
FN:129,(anonymous_17)
FN:130,(anonymous_18)
FN:131,(anonymous_19)
FN:142,(anonymous_20)
FN:153,(anonymous_21)
FN:154,(anonymous_22)
FN:156,(anonymous_23)
FN:160,(anonymous_24)
FN:161,(anonymous_25)
FN:167,(anonymous_26)
FN:168,(anonymous_27)
FN:174,(anonymous_28)
FNF:29
FNH:18
FNDA:1,(anonymous_0)
FNDA:15,(anonymous_1)
FNDA:21,(anonymous_2)
FNDA:15,(anonymous_3)
FNDA:1,(anonymous_4)
FNDA:1,(anonymous_5)
FNDA:1,(anonymous_6)
FNDA:1,(anonymous_7)
FNDA:1,(anonymous_8)
FNDA:1,(anonymous_9)
FNDA:1,(anonymous_10)
FNDA:2,(anonymous_11)
FNDA:0,(anonymous_12)
FNDA:3,(anonymous_13)
FNDA:0,(anonymous_14)
FNDA:0,(anonymous_15)
FNDA:0,(anonymous_16)
FNDA:0,(anonymous_17)
FNDA:0,(anonymous_18)
FNDA:0,(anonymous_19)
FNDA:3,(anonymous_20)
FNDA:3,(anonymous_21)
FNDA:0,(anonymous_22)
FNDA:0,(anonymous_23)
FNDA:3,(anonymous_24)
FNDA:0,(anonymous_25)
FNDA:3,(anonymous_26)
FNDA:0,(anonymous_27)
FNDA:2,(anonymous_28)
DA:1,1
DA:6,1
DA:10,15
DA:33,15
DA:34,15
DA:35,15
DA:37,15
DA:41,21
DA:53,21
DA:57,15
DA:58,15
DA:60,0
DA:65,1
DA:73,1
DA:77,1
DA:81,1
DA:90,1
DA:94,1
DA:98,1
DA:102,2
DA:103,2
DA:108,2
DA:110,0
DA:111,0
DA:116,3
DA:117,3
DA:118,3
DA:123,3
DA:125,3
DA:127,0
DA:128,0
DA:129,0
DA:130,0
DA:131,0
DA:137,0
DA:138,0
DA:143,3
DA:150,3
DA:154,3
DA:155,3
DA:156,0
DA:157,0
DA:161,3
DA:162,0
DA:163,0
DA:168,3
DA:169,0
DA:170,0
DA:175,2
DA:176,2
DA:177,2
DA:184,2
DA:185,0
DA:186,0
DA:188,2
DA:190,0
DA:191,0
DA:196,1
LF:58
LH:38
BRDA:15,0,0,15
BRDA:15,0,1,1
BRDA:15,0,2,1
BRDA:16,1,0,15
BRDA:16,1,1,7
BRDA:16,1,2,7
BRDA:17,2,0,15
BRDA:17,2,1,15
BRDA:18,3,0,15
BRDA:18,3,1,12
BRDA:21,4,0,15
BRDA:21,4,1,14
BRDA:22,5,0,15
BRDA:22,5,1,14
BRDA:23,6,0,15
BRDA:23,6,1,14
BRDA:53,7,0,21
BRDA:53,7,1,1
BRDA:101,8,0,0
BRDA:115,9,0,0
BRDA:150,10,0,3
BRDA:150,10,1,0
BRDA:155,11,0,3
BRDA:155,11,1,0
BRDA:162,12,0,0
BRDA:162,12,1,0
BRDA:169,13,0,0
BRDA:169,13,1,0
BRDA:174,14,0,2
BRDA:174,15,0,2
BRDA:184,16,0,0
BRDA:184,16,1,2
BRF:32
BRH:23
end_of_record
TN:
SF:utils\helpers.js
FN:12,avertirSiGmailIncomplet
FN:19,genererPin
FN:23,validerPassword
FN:31,echapperHtml
FN:39,envoyerPin
FNF:5
FNH:3
FNDA:0,avertirSiGmailIncomplet
FNDA:31,genererPin
FNDA:6,validerPassword
FNDA:6,echapperHtml
FNDA:0,envoyerPin
DA:1,1
DA:2,1
DA:4,1
DA:13,0
DA:14,0
DA:20,31
DA:24,6
DA:25,4
DA:26,3
DA:27,2
DA:32,6
DA:40,0
DA:42,0
DA:61,1
LF:14
LH:10
BRDA:13,0,0,0
BRDA:13,0,1,0
BRDA:13,1,0,0
BRDA:13,1,1,0
BRDA:24,2,0,2
BRDA:24,2,1,4
BRDA:25,3,0,1
BRDA:25,3,1,3
BRDA:26,4,0,1
BRDA:26,4,1,2
BRF:10
BRH:6
end_of_record
